06/05/2014 07:41 AM - System started.
06/05/2014 07:42 AM - System started.
-=
06/06/2014 07:42 AM - System stopped.
06/06/2014 08:17 AM - System started.
06/06/2014 08:17 AM - System stopped.
06/06/2014 08:17 AM - System started.
06/06/2014 09:20 AM - System stopped.
06/06/2014 09:20 AM - System started.
06/06/2014 09:21 AM - System started.
06/06/2014 08:56 AM - System started.
06/06/2014 08:58 AM - Manually turned Zone 1 on.
06/06/2014 08:58 AM - Manually turned Zone 1 off.
06/06/2014 09:34 AM - System started.
06/06/2014 09:35 AM - Zone 2 on: 30 min.
06/06/2014 09:35 AM - Zone 2 off.
06/06/2014 09:35 AM - Zone 3 on: 30 min.
06/06/2014 09:36 AM - Zone 3 off.
06/06/2014 09:36 AM - Zone 1 on: 40 min.
06/06/2014 09:36 AM - Zone 1 off.
06/06/2014 09:36 AM - Zone 2 on: 30 min.
06/06/2014 09:36 AM - Zone 2 on: 30 min.
06/06/2014 09:37 AM - Zone 2 off.
06/06/2014 09:37 AM - Zone 2 off.
06/06/2014 09:37 AM - Zone 3 on: 30 min.
06/06/2014 09:37 AM - Zone 3 on: 30 min.
06/06/2014 09:38 AM - Zone 3 off.
06/06/2014 09:38 AM - Zone 3 off.
06/06/2014 09:38 AM - Zone 1 on: 40 min.
06/06/2014 09:38 AM - Zone 1 on: 40 min.
06/06/2014 09:38 AM - Zone 1 off.
06/06/2014 09:38 AM - Zone 1 off.
06/06/2014 09:38 AM - Zone 2 on: 30 min.
06/06/2014 09:38 AM - Zone 2 on: 30 min.
06/06/2014 09:38 AM - Zone 2 on: 30 min.
06/06/2014 09:38 AM - Zone 2 on: 30 min.
06/06/2014 09:38 AM - Zone 2 on: 30 min.
06/06/2014 09:38 AM - Zone 2 on: 30 min.
06/06/2014 09:38 AM - Zone 2 on: 30 min.
06/06/2014 09:38 AM - Zone 2 on: 30 min.
06/06/2014 09:38 AM - Zone 2 on: 30 min.
06/06/2014 09:38 AM - Zone 2 on: 30 min.
06/06/2014 09:38 AM - Zone 2 on: 30 min.
06/06/2014 09:38 AM - Zone 2 on: 30 min.
06/06/2014 09:38 AM - Zone 2 on: 30 min.
06/06/2014 09:38 AM - Zone 2 on: 30 min.
06/06/2014 09:38 AM - Zone 2 on: 30 min.
06/06/2014 09:38 AM - Zone 2 on: 30 min.
06/06/2014 09:38 AM - Zone 2 on: 30 min.
06/06/2014 09:38 AM - Zone 2 on: 30 min.
06/06/2014 09:38 AM - Zone 2 on: 30 min.
06/06/2014 09:38 AM - Zone 2 on: 30 min.
06/06/2014 09:38 AM - Zone 2 on: 30 min.
06/06/2014 09:38 AM - Zone 2 on: 30 min.
06/06/2014 09:38 AM - Zone 2 on: 30 min.
06/06/2014 09:38 AM - Zone 2 on: 30 min.
06/06/2014 09:38 AM - Zone 2 on: 30 min.
06/06/2014 09:38 AM - Zone 2 on: 30 min.
06/06/2014 09:38 AM - Zone 2 on: 30 min.
06/06/2014 09:38 AM - Zone 2 on: 30 min.
06/06/2014 09:38 AM - Zone 2 on: 30 min.
06/06/2014 09:38 AM - Zone 2 on: 30 min.
06/06/2014 09:38 AM - Zone 2 on: 30 min.
06/06/2014 09:38 AM - Zone 2 on: 30 min.
06/06/2014 09:38 AM - Zone 2 on: 30 min.
06/06/2014 09:41 AM - System started.
06/06/2014 09:43 AM - Zone 3 on: 30 min.
06/06/2014 09:43 AM - Zone 3 off.
06/06/2014 09:43 AM - Zone 2 on: 30 min.
06/06/2014 09:44 AM - Zone 2 off.
06/06/2014 09:44 AM - Zone 1 on: 40 min.
06/06/2014 09:44 AM - Zone 1 off.
06/06/2014 09:50 AM - Zone 3 on: 30 min.
06/06/2014 09:50 AM - Zone 3 off.
06/06/2014 09:50 AM - Zone 2 on: 30 min.
06/06/2014 09:51 AM - Zone 2 off.
06/06/2014 09:51 AM - Zone 1 on: 40 min.
06/06/2014 09:52 AM - Zone 1 off.
06/06/2014 09:57 AM - Zone 3 on: 30 min.
06/06/2014 09:57 AM - Zone 3 off.
06/06/2014 09:57 AM - Zone 2 on: 30 min.
06/06/2014 09:58 AM - Zone 2 off.
06/06/2014 09:58 AM - Zone 1 on: 40 min.
06/06/2014 09:59 AM - Zone 1 off.
06/06/2014 10:04 AM - Zone 3 on: 30 min.
06/06/2014 10:05 AM - Zone 3 off.
06/06/2014 10:05 AM - Zone 2 on: 30 min.
06/06/2014 10:05 AM - Zone 2 off.
06/06/2014 10:05 AM - Zone 1 on: 40 min.
06/06/2014 10:06 AM - Zone 1 off.
06/06/2014 10:11 AM - Zone 3 on: 30 min.
06/06/2014 10:12 AM - Zone 3 off.
06/06/2014 10:12 AM - Zone 2 on: 30 min.
06/06/2014 10:12 AM - Zone 2 off.
06/06/2014 10:12 AM - Zone 1 on: 40 min.
06/06/2014 10:13 AM - Zone 1 off.
06/06/2014 10:19 AM - Zone 3 on: 30 min.
06/06/2014 10:19 AM - Zone 3 off.
06/06/2014 10:19 AM - Zone 2 on: 30 min.
06/06/2014 10:20 AM - Zone 2 off.
06/06/2014 10:20 AM - Zone 1 on: 40 min.
06/06/2014 10:20 AM - Zone 1 off.
06/06/2014 10:26 AM - Zone 3 on: 30 min.
06/06/2014 10:26 AM - Zone 3 off.
06/06/2014 10:26 AM - Zone 2 on: 30 min.
06/06/2014 10:27 AM - Zone 2 off.
06/06/2014 10:27 AM - Zone 1 on: 40 min.
06/06/2014 10:28 AM - Zone 1 off.
06/06/2014 10:28 AM - System stopped.
06/12/2014 08:30 AM - System started.
06/12/2014 08:31 AM - Zone 1 on: 40 min.
06/12/2014 08:46 AM - System started.
06/12/2014 09:31 AM - System started.
06/12/2014 09:32 AM - Zone 1 on: 40 min.
06/12/2014 09:32 AM - Zone 1 off.
06/12/2014 09:32 AM - Zone 2 on: 30 min.
06/12/2014 09:33 AM - Zone 2 off.
06/12/2014 09:41 AM - System started.
06/12/2014 09:42 AM - Zone 1 on: 40 min.
06/12/2014 09:42 AM - Zone 1 off.
06/12/2014 09:42 AM - Zone 2 on: 30 min.
06/12/2014 09:43 AM - Zone 2 off.
06/12/2014 09:43 AM - Zone 3 on: 30 min.
06/12/2014 09:43 AM - Zone 3 off.
06/12/2014 09:58 AM - System started.
06/12/2014 10:00 AM - System started.
06/12/2014 10:00 AM - System started.
06/12/2014 10:00 AM - System started.
06/12/2014 10:01 AM - System started.
06/12/2014 10:04 AM - System started.
06/12/2014 10:04 AM - Manually turned Zone 1 on.
06/12/2014 10:05 AM - Manually turned Zone 1 off.
06/12/2014 10:05 AM - Manually turned Zone 2 on.
06/12/2014 10:05 AM - Manually turned Zone 2 off.
06/12/2014 10:05 AM - Manually turned Zone 3 on.
06/12/2014 10:05 AM - Manually turned Zone 3 off.
06/12/2014 02:53 PM - System started.
06/12/2014 03:26 PM - System started.
06/12/2014 03:28 PM - Manually turned Zone 2 on.
06/13/2014 09:30 AM - System started.
06/13/2014 09:30 AM - Manually turned Zone 1 on.
06/13/2014 09:30 AM - Manually turned Zone 1 off.
06/13/2014 09:30 AM - Manually turned Zone 3 on.
06/13/2014 09:30 AM - Manually turned Zone 3 off.
06/13/2014 09:30 AM - Manually turned Zone 2 on.
06/13/2014 09:30 AM - Manually turned Zone 2 off.
06/13/2014 09:41 AM - System started.
06/13/2014 09:41 AM - Manually turned Zone 2 on.
06/13/2014 09:42 AM - Manually turned Zone 2 off.
06/13/2014 09:42 AM - Manually turned Zone 3 on.
06/13/2014 09:42 AM - Manually turned Zone 3 off.
06/13/2014 09:42 AM - Manually turned Zone 1 on.
06/13/2014 09:42 AM - Manually turned Zone 1 off.
06/13/2014 09:42 AM - System stopped.
06/13/2014 10:17 AM - System started.
06/13/2014 10:17 AM - Manually turned Zone 2 on.
06/13/2014 10:17 AM - Manually turned Zone 2 off.
06/16/2014 08:13 AM - System started.
06/16/2014 08:14 AM - Zone 1 on: 40 min.
06/16/2014 08:14 AM - Zone 1 off.
06/16/2014 08:14 AM - Zone 2 on: 30 min.
06/16/2014 08:15 AM - Zone 2 off.
06/16/2014 08:15 AM - Zone 3 on: 30 min.
06/16/2014 08:15 AM - Zone 3 off.
06/16/2014 08:16 AM - System stopped.
06/16/2014 08:17 AM - System started.
06/16/2014 08:18 AM - Zone 1 on: 40 min.
06/16/2014 08:18 AM - Zone 1 off.
06/16/2014 08:18 AM - Zone 2 on: 30 min.
06/16/2014 08:19 AM - Zone 2 off.
06/16/2014 08:19 AM - Zone 3 on: 30 min.
06/16/2014 08:19 AM - Zone 3 off.
06/16/2014 08:28 AM - System started.
06/16/2014 08:29 AM - Zone 1 on: 40 min.
06/16/2014 08:29 AM - Zone 1 off.
06/16/2014 08:29 AM - Zone 2 on: 30 min.
06/16/2014 08:30 AM - Zone 2 off.
06/16/2014 08:30 AM - Zone 3 on: 30 min.
06/16/2014 08:30 AM - Zone 3 off.
06/16/2014 08:35 AM - System started.
06/16/2014 08:36 AM - Zone 1 on: 40 min.
06/16/2014 08:36 AM - Zone 1 off.
06/16/2014 08:36 AM - Zone 2 on: 30 min.
06/16/2014 08:37 AM - Zone 2 off.
06/16/2014 08:37 AM - Zone 3 on: 30 min.
06/16/2014 08:37 AM - Zone 3 off.
06/16/2014 08:43 AM - System started.
06/16/2014 08:44 AM - Zone 1 on: 40 min.
06/16/2014 08:44 AM - Zone 1 off.
06/16/2014 08:44 AM - Zone 2 on: 30 min.
06/16/2014 08:44 AM - Zone 2 off.
06/16/2014 08:44 AM - Zone 3 on: 30 min.
06/16/2014 08:44 AM - Zone 3 off.
06/16/2014 12:21 PM - System started.
06/16/2014 12:21 PM - Manually turned Zone 2 on.
06/16/2014 12:29 PM - Manually turned Zone 2 off.
06/19/2014 08:28 AM - System started.
06/19/2014 08:29 AM - Zone 1 on: 40 min.
06/19/2014 08:29 AM - Zone 1 off.
06/19/2014 08:29 AM - Zone 2 on: 30 min.
06/19/2014 08:30 AM - Zone 2 off.
06/19/2014 08:30 AM - Zone 3 on: 30 min.
06/19/2014 08:30 AM - Zone 3 off.
06/19/2014 08:32 AM - System started.
06/19/2014 08:33 AM - Zone 1 on: 40 min.
06/19/2014 08:33 AM - Zone 1 off.
06/19/2014 08:33 AM - Zone 2 on: 30 min.
06/19/2014 08:34 AM - Zone 2 off.
06/19/2014 08:34 AM - Zone 3 on: 30 min.
06/19/2014 08:34 AM - Zone 3 off.
06/19/2014 08:34 AM - Zone 1 on: 40 min.
06/19/2014 08:36 AM - System started.
06/19/2014 08:37 AM - Zone 1 on: 40 min.
06/19/2014 08:37 AM - Zone 1 off.
06/19/2014 08:37 AM - Zone 2 on: 30 min.
06/19/2014 08:38 AM - Zone 2 off.
06/19/2014 08:38 AM - Zone 3 on: 30 min.
06/19/2014 08:38 AM - Zone 3 off.
06/19/2014 08:43 AM - System started.
06/19/2014 08:44 AM - Zone 1 on: 40 min.
06/19/2014 08:44 AM - Zone 1 off.
06/19/2014 08:44 AM - Zone 2 on: 30 min.
06/19/2014 08:45 AM - Zone 2 off.
06/19/2014 08:45 AM - Zone 3 on: 30 min.
06/19/2014 08:45 AM - Zone 3 off.
06/19/2014 09:07 AM - Zone 1 on: 40 min.
06/19/2014 09:08 AM - Zone 1 off.
06/19/2014 09:08 AM - Zone 2 on: 30 min.
06/19/2014 09:08 AM - Zone 2 off.
06/19/2014 09:09 AM - Zone 3 on: 30 min.
06/19/2014 09:09 AM - Zone 3 off.
06/19/2014 09:11 AM - Zone 1 on: 40 min.
06/19/2014 09:12 AM - Zone 1 off.
06/19/2014 09:12 AM - Zone 2 on: 30 min.
06/19/2014 09:12 AM - Zone 2 off.
06/19/2014 09:13 AM - Zone 3 on: 30 min.
06/19/2014 09:13 AM - Zone 3 off.
06/19/2014 09:17 AM - System started.
06/19/2014 09:18 AM - Zone 1 on: 40 min.
06/19/2014 09:18 AM - Zone 1 off.
06/19/2014 09:18 AM - Zone 2 on: 30 min.
06/19/2014 09:19 AM - Zone 2 off.
06/19/2014 09:19 AM - Zone 3 on: 30 min.
06/19/2014 09:19 AM - Zone 3 off.
06/19/2014 09:21 AM - Zone 1 on: 40 min.
06/19/2014 09:22 AM - Zone 1 off.
06/19/2014 09:22 AM - Zone 2 on: 30 min.
06/19/2014 09:23 AM - Zone 2 off.
06/19/2014 09:23 AM - Zone 3 on: 30 min.
06/19/2014 09:23 AM - Zone 3 off.
06/19/2014 09:29 AM - System started.
06/19/2014 09:30 AM - Zone 1 on: 40 min.
06/19/2014 09:30 AM - Zone 1 off.
06/19/2014 09:30 AM - Zone 2 on: 30 min.
06/19/2014 09:31 AM - Zone 2 off.
06/19/2014 09:31 AM - Zone 3 on: 30 min.
06/19/2014 09:31 AM - Zone 3 off.
06/19/2014 09:50 AM - System started.
06/19/2014 09:54 AM - System started.
06/19/2014 09:55 AM - Zone 1 on: 40 min.
06/19/2014 09:55 AM - Zone 1 off.
06/19/2014 09:55 AM - Zone 2 on: 30 min.
06/19/2014 09:56 AM - Zone 2 off.
06/19/2014 09:56 AM - Zone 3 on: 30 min.
06/19/2014 09:56 AM - Zone 3 off.
06/19/2014 10:08 AM - System started.
06/19/2014 10:09 AM - Zone 1 on: 40 min.
06/19/2014 10:09 AM - Zone 1 off.
06/19/2014 10:09 AM - Zone 2 on: 30 min.
06/19/2014 10:10 AM - Zone 2 off.
06/19/2014 10:10 AM - Zone 3 on: 30 min.
06/19/2014 10:10 AM - Zone 3 off.
06/19/2014 10:11 AM - System started.
06/19/2014 10:12 AM - Zone 1 on: 40 min.
06/19/2014 10:12 AM - Zone 1 off.
06/19/2014 10:12 AM - Zone 2 on: 30 min.
06/19/2014 10:13 AM - Zone 2 off.
06/19/2014 10:13 AM - Zone 3 on: 30 min.
06/19/2014 10:13 AM - Zone 3 off.
06/19/2014 10:17 AM - Zone 1 on: 40 min.
06/19/2014 10:18 AM - Zone 1 off.
06/19/2014 10:26 AM - System started.
06/19/2014 10:27 AM - System started.
06/19/2014 10:29 AM - System started.
06/19/2014 10:33 AM - System started.
06/19/2014 10:39 AM - System started.
06/19/2014 10:40 AM - System started.
06/19/2014 10:41 AM - System stopped.
06/19/2014 10:41 AM - System started.
06/19/2014 10:41 AM - System stopped.
06/19/2014 11:17 AM - System started.
06/19/2014 11:25 AM - System started.
06/19/2014 11:37 AM - System started.
06/19/2014 11:39 AM - System started.
06/19/2014 11:43 AM - System started.
06/19/2014 11:43 AM - System stopped.
06/19/2014 11:43 AM - System started.
06/19/2014 11:44 AM - Zone 1 on: 40 min.
06/19/2014 11:44 AM - Zone 1 off.
06/19/2014 11:44 AM - Zone 2 on: 30 min.
06/19/2014 11:45 AM - Zone 2 off.
06/19/2014 11:45 AM - Zone 3 on: 30 min.
06/19/2014 11:45 AM - Zone 3 off.
06/19/2014 11:49 AM - Zone 1 on: 40 min.
06/19/2014 11:50 AM - Zone 1 off.
06/19/2014 11:50 AM - Zone 2 on: 30 min.
06/19/2014 11:51 AM - Zone 2 off.
06/19/2014 11:51 AM - Zone 3 on: 30 min.
06/19/2014 11:51 AM - Zone 3 off.
06/19/2014 11:55 AM - Zone 1 on: 40 min.
06/19/2014 11:56 AM - Zone 1 off.
06/19/2014 11:56 AM - Zone 2 on: 30 min.
06/19/2014 11:57 AM - Zone 2 off.
06/19/2014 11:57 AM - Zone 3 on: 30 min.
06/19/2014 11:57 AM - Zone 3 off.
06/19/2014 12:01 PM - Zone 1 on: 40 min.
06/19/2014 12:02 PM - Zone 1 off.
06/19/2014 12:02 PM - Zone 2 on: 30 min.
06/19/2014 12:02 PM - Zone 2 off.
06/19/2014 12:03 PM - Zone 3 on: 30 min.
06/19/2014 12:03 PM - Zone 3 off.
06/19/2014 12:11 PM - System started.
06/19/2014 12:13 PM - System started.
06/19/2014 12:18 PM - System stopped.
06/19/2014 12:18 PM - System started.
06/19/2014 12:19 PM - System started.
06/19/2014 12:20 PM - System started.
06/19/2014 12:20 PM - System stopped.
06/19/2014 12:21 PM - System started.
06/19/2014 12:22 PM - Zone 1 on: 40 min.
06/19/2014 12:22 PM - Zone 1 off.
06/19/2014 12:22 PM - Zone 2 on: 30 min.
06/19/2014 12:23 PM - Zone 2 off.
06/19/2014 12:23 PM - Zone 3 on: 30 min.
06/19/2014 12:23 PM - Zone 3 off.
06/19/2014 12:25 PM - System started.
06/19/2014 12:26 PM - Zone 1 on: 40 min.
06/19/2014 12:26 PM - Zone 1 off.
06/19/2014 12:26 PM - Zone 2 on: 30 min.
06/19/2014 12:27 PM - Zone 2 off.
06/19/2014 12:27 PM - Zone 3 on: 30 min.
06/19/2014 12:27 PM - Zone 3 off.
06/19/2014 12:31 PM - System started.
06/19/2014 12:34 PM - System started.
06/19/2014 12:36 PM - System started.
06/19/2014 12:38 PM - System started.
06/19/2014 12:39 PM - System started.
06/19/2014 12:40 PM - Zone 1 on: 40 min.
06/19/2014 12:40 PM - Zone 1 off.
06/19/2014 12:40 PM - Zone 2 on: 30 min.
06/19/2014 12:41 PM - Zone 2 off.
06/19/2014 12:41 PM - Zone 3 on: 30 min.
06/19/2014 12:41 PM - Zone 3 off.
06/19/2014 12:52 PM - System started.
06/19/2014 12:53 PM - Zone 1 on: 10 min.
06/19/2014 12:53 PM - Zone 1 off.
06/19/2014 12:53 PM - Zone 2 on: 10 min.
06/19/2014 12:53 PM - Zone 2 off.
06/19/2014 12:53 PM - Zone 3 on: 10 min.
06/19/2014 12:53 PM - Zone 3 off.
06/19/2014 12:57 PM - System started.
06/19/2014 12:57 PM - System started.
06/19/2014 12:59 PM - Zone 1 on: 10 min.
06/19/2014 12:59 PM - Zone 1 off.
06/19/2014 12:59 PM - Zone 2 on: 10 min.
06/19/2014 12:59 PM - Zone 2 off.
06/19/2014 12:59 PM - Zone 3 on: 10 min.
06/19/2014 12:59 PM - Zone 3 off.
06/19/2014 01:01 PM - System started.
06/19/2014 01:16 PM - System started.
06/19/2014 01:17 PM - Zone 1 on: 10 min.
06/19/2014 01:17 PM - Zone 1 off.
06/19/2014 01:17 PM - Zone 2 on: 10 min.
06/19/2014 01:17 PM - Zone 2 off.
06/19/2014 01:17 PM - Zone 3 on: 10 min.
06/19/2014 01:17 PM - Zone 3 off.
06/19/2014 01:19 PM - System started.
06/19/2014 01:22 PM - System started.
06/19/2014 01:23 PM - Zone 1 on: 10 min.
06/19/2014 01:23 PM - Zone 1 off.
06/19/2014 01:23 PM - Zone 2 on: 10 min.
06/19/2014 01:23 PM - Zone 2 off.
06/19/2014 01:23 PM - Zone 3 on: 10 min.
06/19/2014 01:23 PM - Zone 3 off.
06/19/2014 01:26 PM - System started.
06/19/2014 01:27 PM - System started.
06/19/2014 01:28 PM - System started.
06/19/2014 01:30 PM - Zone 1 on: 10 min.
06/19/2014 01:30 PM - Zone 1 off.
06/19/2014 01:30 PM - Zone 2 on: 10 min.
06/19/2014 01:30 PM - Zone 2 off.
06/19/2014 01:30 PM - Zone 3 on: 10 min.
06/19/2014 01:30 PM - Zone 3 off.
06/19/2014 01:50 PM - System started.
06/19/2014 01:50 PM - System stopped.
06/19/2014 02:00 PM - System started.
06/19/2014 02:16 PM - System started.
06/19/2014 02:16 PM - System stopped.
06/19/2014 02:16 PM - System started.
06/19/2014 02:25 PM - System started.
06/19/2014 02:25 PM - System started.
06/19/2014 02:27 PM - Zone 1 on: 10 min.
06/19/2014 02:27 PM - Zone 1 off.
06/19/2014 02:27 PM - Zone 2 on: 10 min.
06/19/2014 02:27 PM - Zone 2 off.
06/19/2014 02:27 PM - Zone 3 on: 10 min.
06/19/2014 02:27 PM - Zone 3 off.
06/19/2014 02:30 PM - Zone 1 on: 10 min.
06/19/2014 02:31 PM - Zone 1 off.
06/19/2014 02:31 PM - Zone 2 on: 10 min.
06/19/2014 02:31 PM - Zone 2 off.
06/19/2014 02:31 PM - Zone 3 on: 10 min.
06/19/2014 02:31 PM - Zone 3 off.
06/19/2014 02:34 PM - Zone 1 on: 10 min.
06/19/2014 02:34 PM - Zone 1 off.
06/19/2014 02:35 PM - Zone 2 on: 10 min.
06/19/2014 02:35 PM - Zone 2 off.
06/19/2014 02:35 PM - Zone 3 on: 10 min.
06/19/2014 02:35 PM - Zone 3 off.
06/19/2014 02:38 PM - Zone 1 on: 10 min.
06/19/2014 02:38 PM - Zone 1 off.
06/19/2014 02:38 PM - Zone 2 on: 10 min.
06/19/2014 02:39 PM - Zone 2 off.
06/19/2014 02:39 PM - Zone 3 on: 10 min.
06/19/2014 02:39 PM - Zone 3 off.
06/19/2014 02:42 PM - Zone 1 on: 10 min.
06/19/2014 02:42 PM - Zone 1 off.
06/19/2014 02:42 PM - Zone 2 on: 10 min.
06/19/2014 02:42 PM - Zone 2 off.
06/19/2014 02:43 PM - Zone 3 on: 10 min.
06/19/2014 02:43 PM - Zone 3 off.
06/19/2014 02:46 PM - Zone 1 on: 10 min.
06/19/2014 02:46 PM - Zone 1 off.
06/19/2014 02:46 PM - Zone 2 on: 10 min.
06/19/2014 02:46 PM - Zone 2 off.
06/19/2014 02:46 PM - Zone 3 on: 10 min.
06/19/2014 02:47 PM - Zone 3 off.
06/19/2014 02:50 PM - Zone 1 on: 10 min.
06/19/2014 02:50 PM - Zone 1 off.
06/19/2014 02:50 PM - Zone 2 on: 10 min.
06/19/2014 02:50 PM - Zone 2 off.
06/19/2014 02:50 PM - Zone 3 on: 10 min.
06/19/2014 02:50 PM - Zone 3 off.
06/19/2014 02:54 PM - Zone 1 on: 10 min.
06/19/2014 02:54 PM - Zone 1 off.
06/19/2014 02:54 PM - Zone 2 on: 10 min.
06/19/2014 02:54 PM - Zone 2 off.
06/19/2014 02:54 PM - Zone 3 on: 10 min.
06/19/2014 02:54 PM - Zone 3 off.
06/19/2014 02:58 PM - Zone 1 on: 10 min.
06/19/2014 02:58 PM - Zone 1 off.
06/19/2014 02:58 PM - Zone 2 on: 10 min.
06/19/2014 02:58 PM - Zone 2 off.
06/19/2014 02:58 PM - Zone 3 on: 10 min.
06/19/2014 02:58 PM - Zone 3 off.
06/19/2014 03:01 PM - Zone 1 on: 10 min.
06/19/2014 03:02 PM - Zone 1 off.
06/19/2014 03:02 PM - Zone 2 on: 10 min.
06/19/2014 03:02 PM - Zone 2 off.
06/19/2014 03:02 PM - Zone 3 on: 10 min.
06/19/2014 03:02 PM - Zone 3 off.
06/19/2014 03:05 PM - Zone 1 on: 10 min.
06/19/2014 03:06 PM - Zone 1 off.
06/19/2014 03:06 PM - Zone 2 on: 10 min.
06/19/2014 03:06 PM - Zone 2 off.
06/19/2014 03:06 PM - Zone 3 on: 10 min.
06/19/2014 03:06 PM - Zone 3 off.
06/19/2014 03:09 PM - Zone 1 on: 10 min.
06/19/2014 03:09 PM - Zone 1 off.
06/19/2014 03:10 PM - Zone 2 on: 10 min.
06/19/2014 03:10 PM - Zone 2 off.
06/19/2014 03:10 PM - Zone 3 on: 10 min.
06/19/2014 03:10 PM - Zone 3 off.
06/19/2014 03:13 PM - Zone 1 on: 10 min.
06/19/2014 03:13 PM - Zone 1 off.
06/19/2014 03:13 PM - Zone 2 on: 10 min.
06/19/2014 03:14 PM - Zone 2 off.
06/19/2014 03:14 PM - Zone 3 on: 10 min.
06/19/2014 03:14 PM - Zone 3 off.
06/19/2014 03:17 PM - Zone 1 on: 10 min.
06/19/2014 03:17 PM - Zone 1 off.
06/19/2014 03:17 PM - Zone 2 on: 10 min.
06/19/2014 03:17 PM - Zone 2 off.
06/19/2014 03:18 PM - Zone 3 on: 10 min.
06/19/2014 03:18 PM - Zone 3 off.
06/19/2014 03:21 PM - Zone 1 on: 10 min.
06/19/2014 03:21 PM - Zone 1 off.
06/19/2014 03:21 PM - Zone 2 on: 10 min.
06/19/2014 03:21 PM - Zone 2 off.
06/19/2014 03:21 PM - Zone 3 on: 10 min.
06/19/2014 03:22 PM - Zone 3 off.
06/19/2014 03:25 PM - Zone 1 on: 10 min.
06/19/2014 03:25 PM - Zone 1 off.
06/19/2014 03:25 PM - Zone 2 on: 10 min.
06/19/2014 03:25 PM - Zone 2 off.
06/19/2014 03:25 PM - Zone 3 on: 10 min.
06/19/2014 03:25 PM - Zone 3 off.
06/19/2014 03:29 PM - Zone 1 on: 10 min.
06/19/2014 03:29 PM - Zone 1 off.
06/19/2014 03:29 PM - Zone 2 on: 10 min.
06/19/2014 03:29 PM - Zone 2 off.
06/19/2014 03:29 PM - Zone 3 on: 10 min.
06/19/2014 03:29 PM - Zone 3 off.
06/19/2014 03:33 PM - Zone 1 on: 10 min.
06/19/2014 03:33 PM - Zone 1 off.
06/19/2014 03:33 PM - Zone 2 on: 10 min.
06/19/2014 03:33 PM - Zone 2 off.
06/19/2014 03:33 PM - Zone 3 on: 10 min.
06/19/2014 03:33 PM - Zone 3 off.
06/19/2014 03:36 PM - Zone 1 on: 10 min.
06/19/2014 03:37 PM - Zone 1 off.
06/19/2014 03:37 PM - Zone 2 on: 10 min.
06/19/2014 03:37 PM - Zone 2 off.
06/19/2014 03:37 PM - Zone 3 on: 10 min.
06/19/2014 03:37 PM - Zone 3 off.
06/19/2014 03:40 PM - Zone 1 on: 10 min.
06/19/2014 03:41 PM - Zone 1 off.
06/19/2014 03:41 PM - Zone 2 on: 10 min.
06/19/2014 03:41 PM - Zone 2 off.
06/21/2014 08:03 AM - System started.
